[0.006s] Invoking command in '/home/tamir/workspaces/ros2_closed_loop_ws/src/delta_arms_description/build/delta_arms_description': CMAKE_PREFIX_PATH=${CMAKE_PREFIX_PATH}:/opt/ros/jazzy DEBUGINFOD_URLS=https://debuginfod.ubuntu.com /usr/bin/cmake /home/tamir/workspaces/ros2_closed_loop_ws/src/delta_arms_description -DCMAKE_INSTALL_PREFIX=/home/tamir/workspaces/ros2_closed_loop_ws/src/delta_arms_description/install/delta_arms_description
[0.047s] -- The C compiler identification is GNU 13.3.0
[0.080s] -- The CXX compiler identification is GNU 13.3.0
[0.091s] -- Detecting C compiler ABI info
[0.152s] -- Detecting C compiler ABI info - done
[0.158s] -- Check for working C compiler: /usr/bin/cc - skipped
[0.158s] -- Detecting C compile features
[0.158s] -- Detecting C compile features - done
[0.165s] -- Detecting CXX compiler ABI info
[0.237s] -- Detecting CXX compiler ABI info - done
[0.242s] -- Check for working CXX compiler: /usr/bin/c++ - skipped
[0.242s] -- Detecting CXX compile features
[0.242s] -- Detecting CXX compile features - done
[0.244s] -- Found ament_cmake: 2.5.6 (/opt/ros/jazzy/share/ament_cmake/cmake)
[0.330s] -- Found Python3: /usr/bin/python3 (found version "3.12.3") found components: Interpreter 
[0.442s] -- Configuring done (0.4s)
[0.444s] -- Generating done (0.0s)
[0.444s] -- Build files have been written to: /home/tamir/workspaces/ros2_closed_loop_ws/src/delta_arms_description/build/delta_arms_description
[0.447s] Invoked command in '/home/tamir/workspaces/ros2_closed_loop_ws/src/delta_arms_description/build/delta_arms_description' returned '0': CMAKE_PREFIX_PATH=${CMAKE_PREFIX_PATH}:/opt/ros/jazzy DEBUGINFOD_URLS=https://debuginfod.ubuntu.com /usr/bin/cmake /home/tamir/workspaces/ros2_closed_loop_ws/src/delta_arms_description -DCMAKE_INSTALL_PREFIX=/home/tamir/workspaces/ros2_closed_loop_ws/src/delta_arms_description/install/delta_arms_description
[0.448s] Invoking command in '/home/tamir/workspaces/ros2_closed_loop_ws/src/delta_arms_description/build/delta_arms_description': CMAKE_PREFIX_PATH=${CMAKE_PREFIX_PATH}:/opt/ros/jazzy DEBUGINFOD_URLS=https://debuginfod.ubuntu.com /usr/bin/cmake --build /home/tamir/workspaces/ros2_closed_loop_ws/src/delta_arms_description/build/delta_arms_description -- -j24 -l24
[0.474s] Invoked command in '/home/tamir/workspaces/ros2_closed_loop_ws/src/delta_arms_description/build/delta_arms_description' returned '0': CMAKE_PREFIX_PATH=${CMAKE_PREFIX_PATH}:/opt/ros/jazzy DEBUGINFOD_URLS=https://debuginfod.ubuntu.com /usr/bin/cmake --build /home/tamir/workspaces/ros2_closed_loop_ws/src/delta_arms_description/build/delta_arms_description -- -j24 -l24
[0.483s] Invoking command in '/home/tamir/workspaces/ros2_closed_loop_ws/src/delta_arms_description/build/delta_arms_description': CMAKE_PREFIX_PATH=${CMAKE_PREFIX_PATH}:/opt/ros/jazzy DEBUGINFOD_URLS=https://debuginfod.ubuntu.com /usr/bin/cmake --install /home/tamir/workspaces/ros2_closed_loop_ws/src/delta_arms_description/build/delta_arms_description
[0.488s] -- Install configuration: ""
[0.488s] -- Installing: /home/tamir/workspaces/ros2_closed_loop_ws/src/delta_arms_description/install/delta_arms_description/share/delta_arms_description/launch
[0.488s] -- Installing: /home/tamir/workspaces/ros2_closed_loop_ws/src/delta_arms_description/install/delta_arms_description/share/delta_arms_description/launch/launch_delta_3dof.launch.py
[0.488s] -- Installing: /home/tamir/workspaces/ros2_closed_loop_ws/src/delta_arms_description/install/delta_arms_description/share/delta_arms_description/launch/launch_volcaniarm.launch.py
[0.488s] -- Installing: /home/tamir/workspaces/ros2_closed_loop_ws/src/delta_arms_description/install/delta_arms_description/share/delta_arms_description/meshes
[0.488s] -- Installing: /home/tamir/workspaces/ros2_closed_loop_ws/src/delta_arms_description/install/delta_arms_description/share/delta_arms_description/meshes/volcaniarm
[0.488s] -- Installing: /home/tamir/workspaces/ros2_closed_loop_ws/src/delta_arms_description/install/delta_arms_description/share/delta_arms_description/meshes/volcaniarm/fl_table_leg_link.STL
[0.488s] -- Installing: /home/tamir/workspaces/ros2_closed_loop_ws/src/delta_arms_description/install/delta_arms_description/share/delta_arms_description/meshes/volcaniarm/rl_table_leg_link.STL
[0.488s] -- Installing: /home/tamir/workspaces/ros2_closed_loop_ws/src/delta_arms_description/install/delta_arms_description/share/delta_arms_description/meshes/volcaniarm/rl_caster_wheel_link.STL
[0.488s] -- Installing: /home/tamir/workspaces/ros2_closed_loop_ws/src/delta_arms_description/install/delta_arms_description/share/delta_arms_description/meshes/volcaniarm/fl_caster_wheel_mount_link.STL
[0.488s] -- Installing: /home/tamir/workspaces/ros2_closed_loop_ws/src/delta_arms_description/install/delta_arms_description/share/delta_arms_description/meshes/volcaniarm/rr_caster_wheel_link.STL
[0.488s] -- Installing: /home/tamir/workspaces/ros2_closed_loop_ws/src/delta_arms_description/install/delta_arms_description/share/delta_arms_description/meshes/volcaniarm/volcaniarm_base_link.STL
[0.490s] -- Installing: /home/tamir/workspaces/ros2_closed_loop_ws/src/delta_arms_description/install/delta_arms_description/share/delta_arms_description/meshes/volcaniarm/rr_table_leg_link.STL
[0.490s] -- Installing: /home/tamir/workspaces/ros2_closed_loop_ws/src/delta_arms_description/install/delta_arms_description/share/delta_arms_description/meshes/volcaniarm/fr_caster_wheel_link.STL
[0.490s] -- Installing: /home/tamir/workspaces/ros2_closed_loop_ws/src/delta_arms_description/install/delta_arms_description/share/delta_arms_description/meshes/volcaniarm/rr_caster_wheel_mount_link.STL
[0.490s] -- Installing: /home/tamir/workspaces/ros2_closed_loop_ws/src/delta_arms_description/install/delta_arms_description/share/delta_arms_description/meshes/volcaniarm/volcaniarm_right_elbow_link.STL
[0.491s] -- Installing: /home/tamir/workspaces/ros2_closed_loop_ws/src/delta_arms_description/install/delta_arms_description/share/delta_arms_description/meshes/volcaniarm/fr_table_leg_link.STL
[0.491s] -- Installing: /home/tamir/workspaces/ros2_closed_loop_ws/src/delta_arms_description/install/delta_arms_description/share/delta_arms_description/meshes/volcaniarm/base_link.STL
[0.491s] -- Installing: /home/tamir/workspaces/ros2_closed_loop_ws/src/delta_arms_description/install/delta_arms_description/share/delta_arms_description/meshes/volcaniarm/camera_link.STL
[0.491s] -- Installing: /home/tamir/workspaces/ros2_closed_loop_ws/src/delta_arms_description/install/delta_arms_description/share/delta_arms_description/meshes/volcaniarm/volcaniarm_right_arm_link.STL
[0.492s] -- Installing: /home/tamir/workspaces/ros2_closed_loop_ws/src/delta_arms_description/install/delta_arms_description/share/delta_arms_description/meshes/volcaniarm/volcaniarm_left_arm_link.STL
[0.493s] -- Installing: /home/tamir/workspaces/ros2_closed_loop_ws/src/delta_arms_description/install/delta_arms_description/share/delta_arms_description/meshes/volcaniarm/volcaniarm_left_elbow_link.STL
[0.493s] -- Installing: /home/tamir/workspaces/ros2_closed_loop_ws/src/delta_arms_description/install/delta_arms_description/share/delta_arms_description/meshes/volcaniarm/rl_caster_wheel_mount_link.STL
[0.493s] -- Installing: /home/tamir/workspaces/ros2_closed_loop_ws/src/delta_arms_description/install/delta_arms_description/share/delta_arms_description/meshes/volcaniarm/camera_mount_linear_link.STL
[0.493s] -- Installing: /home/tamir/workspaces/ros2_closed_loop_ws/src/delta_arms_description/install/delta_arms_description/share/delta_arms_description/meshes/volcaniarm/fl_caster_wheel_link.STL
[0.493s] -- Installing: /home/tamir/workspaces/ros2_closed_loop_ws/src/delta_arms_description/install/delta_arms_description/share/delta_arms_description/meshes/volcaniarm/fr_caster_wheel_mount_link.STL
[0.494s] -- Installing: /home/tamir/workspaces/ros2_closed_loop_ws/src/delta_arms_description/install/delta_arms_description/share/delta_arms_description/meshes/volcaniarm/camera_mount_rev_link.STL
[0.494s] -- Installing: /home/tamir/workspaces/ros2_closed_loop_ws/src/delta_arms_description/install/delta_arms_description/share/delta_arms_description/meshes/PARA_ENGINEER
[0.494s] -- Installing: /home/tamir/workspaces/ros2_closed_loop_ws/src/delta_arms_description/install/delta_arms_description/share/delta_arms_description/meshes/PARA_ENGINEER/Oberarm.stl
[0.494s] -- Installing: /home/tamir/workspaces/ros2_closed_loop_ws/src/delta_arms_description/install/delta_arms_description/share/delta_arms_description/meshes/PARA_ENGINEER/Unterarm.stl
[0.494s] -- Installing: /home/tamir/workspaces/ros2_closed_loop_ws/src/delta_arms_description/install/delta_arms_description/share/delta_arms_description/meshes/PARA_ENGINEER/Werkzeugtraeger.stl
[0.494s] -- Installing: /home/tamir/workspaces/ros2_closed_loop_ws/src/delta_arms_description/install/delta_arms_description/share/delta_arms_description/meshes/PARA_ENGINEER/Kopfplatte.stl
[0.494s] -- Installing: /home/tamir/workspaces/ros2_closed_loop_ws/src/delta_arms_description/install/delta_arms_description/share/delta_arms_description/meshes/A_00036
[0.494s] -- Installing: /home/tamir/workspaces/ros2_closed_loop_ws/src/delta_arms_description/install/delta_arms_description/share/delta_arms_description/meshes/A_00036/Unterarmverbinder.stl
[0.494s] -- Installing: /home/tamir/workspaces/ros2_closed_loop_ws/src/delta_arms_description/install/delta_arms_description/share/delta_arms_description/meshes/A_00036/Oberarm.stl
[0.494s] -- Installing: /home/tamir/workspaces/ros2_closed_loop_ws/src/delta_arms_description/install/delta_arms_description/share/delta_arms_description/meshes/A_00036/Teleskopwelle_oben.stl
[0.494s] -- Installing: /home/tamir/workspaces/ros2_closed_loop_ws/src/delta_arms_description/install/delta_arms_description/share/delta_arms_description/meshes/A_00036/Flansch.stl
[0.495s] -- Installing: /home/tamir/workspaces/ros2_closed_loop_ws/src/delta_arms_description/install/delta_arms_description/share/delta_arms_description/meshes/A_00036/Teleskopwelle_unten.stl
[0.495s] -- Installing: /home/tamir/workspaces/ros2_closed_loop_ws/src/delta_arms_description/install/delta_arms_description/share/delta_arms_description/meshes/A_00036/Unterarm.stl
[0.495s] -- Installing: /home/tamir/workspaces/ros2_closed_loop_ws/src/delta_arms_description/install/delta_arms_description/share/delta_arms_description/meshes/A_00036/Werkzeugtraeger.stl
[0.495s] -- Installing: /home/tamir/workspaces/ros2_closed_loop_ws/src/delta_arms_description/install/delta_arms_description/share/delta_arms_description/meshes/A_00036/Kopfplatte.stl
[0.496s] -- Installing: /home/tamir/workspaces/ros2_closed_loop_ws/src/delta_arms_description/install/delta_arms_description/share/delta_arms_description/urdf
[0.496s] -- Installing: /home/tamir/workspaces/ros2_closed_loop_ws/src/delta_arms_description/install/delta_arms_description/share/delta_arms_description/urdf/delta_3dof.urdf
[0.496s] -- Installing: /home/tamir/workspaces/ros2_closed_loop_ws/src/delta_arms_description/install/delta_arms_description/share/delta_arms_description/urdf/volcaniarm.urdf
[0.497s] -- Installing: /home/tamir/workspaces/ros2_closed_loop_ws/src/delta_arms_description/install/delta_arms_description/share/delta_arms_description/worlds
[0.497s] -- Installing: /home/tamir/workspaces/ros2_closed_loop_ws/src/delta_arms_description/install/delta_arms_description/share/delta_arms_description/worlds/delta_world.sdf
[0.497s] -- Installing: /home/tamir/workspaces/ros2_closed_loop_ws/src/delta_arms_description/install/delta_arms_description/share/delta_arms_description/worlds/volcaniarm_world.sdf
[0.497s] -- Installing: /home/tamir/workspaces/ros2_closed_loop_ws/src/delta_arms_description/install/delta_arms_description/share/ament_index/resource_index/package_run_dependencies/delta_arms_description
[0.497s] -- Installing: /home/tamir/workspaces/ros2_closed_loop_ws/src/delta_arms_description/install/delta_arms_description/share/ament_index/resource_index/parent_prefix_path/delta_arms_description
[0.497s] -- Installing: /home/tamir/workspaces/ros2_closed_loop_ws/src/delta_arms_description/install/delta_arms_description/share/delta_arms_description/environment/ament_prefix_path.sh
[0.497s] -- Installing: /home/tamir/workspaces/ros2_closed_loop_ws/src/delta_arms_description/install/delta_arms_description/share/delta_arms_description/environment/ament_prefix_path.dsv
[0.497s] -- Installing: /home/tamir/workspaces/ros2_closed_loop_ws/src/delta_arms_description/install/delta_arms_description/share/delta_arms_description/environment/path.sh
[0.497s] -- Installing: /home/tamir/workspaces/ros2_closed_loop_ws/src/delta_arms_description/install/delta_arms_description/share/delta_arms_description/environment/path.dsv
[0.497s] -- Installing: /home/tamir/workspaces/ros2_closed_loop_ws/src/delta_arms_description/install/delta_arms_description/share/delta_arms_description/local_setup.bash
[0.497s] -- Installing: /home/tamir/workspaces/ros2_closed_loop_ws/src/delta_arms_description/install/delta_arms_description/share/delta_arms_description/local_setup.sh
[0.497s] -- Installing: /home/tamir/workspaces/ros2_closed_loop_ws/src/delta_arms_description/install/delta_arms_description/share/delta_arms_description/local_setup.zsh
[0.497s] -- Installing: /home/tamir/workspaces/ros2_closed_loop_ws/src/delta_arms_description/install/delta_arms_description/share/delta_arms_description/local_setup.dsv
[0.497s] -- Installing: /home/tamir/workspaces/ros2_closed_loop_ws/src/delta_arms_description/install/delta_arms_description/share/delta_arms_description/package.dsv
[0.497s] -- Installing: /home/tamir/workspaces/ros2_closed_loop_ws/src/delta_arms_description/install/delta_arms_description/share/ament_index/resource_index/packages/delta_arms_description
[0.497s] -- Installing: /home/tamir/workspaces/ros2_closed_loop_ws/src/delta_arms_description/install/delta_arms_description/share/delta_arms_description/cmake/delta_arms_descriptionConfig.cmake
[0.497s] -- Installing: /home/tamir/workspaces/ros2_closed_loop_ws/src/delta_arms_description/install/delta_arms_description/share/delta_arms_description/cmake/delta_arms_descriptionConfig-version.cmake
[0.497s] -- Installing: /home/tamir/workspaces/ros2_closed_loop_ws/src/delta_arms_description/install/delta_arms_description/share/delta_arms_description/package.xml
[0.499s] Invoked command in '/home/tamir/workspaces/ros2_closed_loop_ws/src/delta_arms_description/build/delta_arms_description' returned '0': CMAKE_PREFIX_PATH=${CMAKE_PREFIX_PATH}:/opt/ros/jazzy DEBUGINFOD_URLS=https://debuginfod.ubuntu.com /usr/bin/cmake --install /home/tamir/workspaces/ros2_closed_loop_ws/src/delta_arms_description/build/delta_arms_description
