-- Install configuration: ""
-- Up-to-date: /home/tamir/workspaces/ros2_closed_loop_ws/src/delta_arms_description/install/delta_arms_description/share/delta_arms_description/launch
-- Up-to-date: /home/tamir/workspaces/ros2_closed_loop_ws/src/delta_arms_description/install/delta_arms_description/share/delta_arms_description/launch/launch_delta_3dof.launch.py
-- Up-to-date: /home/tamir/workspaces/ros2_closed_loop_ws/src/delta_arms_description/install/delta_arms_description/share/delta_arms_description/launch/launch_volcaniarm.launch.py
-- Up-to-date: /home/tamir/workspaces/ros2_closed_loop_ws/src/delta_arms_description/install/delta_arms_description/share/delta_arms_description/meshes
-- Up-to-date: /home/tamir/workspaces/ros2_closed_loop_ws/src/delta_arms_description/install/delta_arms_description/share/delta_arms_description/meshes/volcaniarm
-- Up-to-date: /home/tamir/workspaces/ros2_closed_loop_ws/src/delta_arms_description/install/delta_arms_description/share/delta_arms_description/meshes/volcaniarm/fl_table_leg_link.STL
-- Up-to-date: /home/tamir/workspaces/ros2_closed_loop_ws/src/delta_arms_description/install/delta_arms_description/share/delta_arms_description/meshes/volcaniarm/rl_table_leg_link.STL
-- Up-to-date: /home/tamir/workspaces/ros2_closed_loop_ws/src/delta_arms_description/install/delta_arms_description/share/delta_arms_description/meshes/volcaniarm/rl_caster_wheel_link.STL
-- Up-to-date: /home/tamir/workspaces/ros2_closed_loop_ws/src/delta_arms_description/install/delta_arms_description/share/delta_arms_description/meshes/volcaniarm/fl_caster_wheel_mount_link.STL
-- Up-to-date: /home/tamir/workspaces/ros2_closed_loop_ws/src/delta_arms_description/install/delta_arms_description/share/delta_arms_description/meshes/volcaniarm/rr_caster_wheel_link.STL
-- Up-to-date: /home/tamir/workspaces/ros2_closed_loop_ws/src/delta_arms_description/install/delta_arms_description/share/delta_arms_description/meshes/volcaniarm/volcaniarm_base_link.STL
-- Up-to-date: /home/tamir/workspaces/ros2_closed_loop_ws/src/delta_arms_description/install/delta_arms_description/share/delta_arms_description/meshes/volcaniarm/rr_table_leg_link.STL
-- Up-to-date: /home/tamir/workspaces/ros2_closed_loop_ws/src/delta_arms_description/install/delta_arms_description/share/delta_arms_description/meshes/volcaniarm/fr_caster_wheel_link.STL
-- Up-to-date: /home/tamir/workspaces/ros2_closed_loop_ws/src/delta_arms_description/install/delta_arms_description/share/delta_arms_description/meshes/volcaniarm/rr_caster_wheel_mount_link.STL
-- Up-to-date: /home/tamir/workspaces/ros2_closed_loop_ws/src/delta_arms_description/install/delta_arms_description/share/delta_arms_description/meshes/volcaniarm/volcaniarm_right_elbow_link.STL
-- Up-to-date: /home/tamir/workspaces/ros2_closed_loop_ws/src/delta_arms_description/install/delta_arms_description/share/delta_arms_description/meshes/volcaniarm/fr_table_leg_link.STL
-- Up-to-date: /home/tamir/workspaces/ros2_closed_loop_ws/src/delta_arms_description/install/delta_arms_description/share/delta_arms_description/meshes/volcaniarm/base_link.STL
-- Up-to-date: /home/tamir/workspaces/ros2_closed_loop_ws/src/delta_arms_description/install/delta_arms_description/share/delta_arms_description/meshes/volcaniarm/camera_link.STL
-- Up-to-date: /home/tamir/workspaces/ros2_closed_loop_ws/src/delta_arms_description/install/delta_arms_description/share/delta_arms_description/meshes/volcaniarm/volcaniarm_right_arm_link.STL
-- Up-to-date: /home/tamir/workspaces/ros2_closed_loop_ws/src/delta_arms_description/install/delta_arms_description/share/delta_arms_description/meshes/volcaniarm/volcaniarm_left_arm_link.STL
-- Up-to-date: /home/tamir/workspaces/ros2_closed_loop_ws/src/delta_arms_description/install/delta_arms_description/share/delta_arms_description/meshes/volcaniarm/volcaniarm_left_elbow_link.STL
-- Up-to-date: /home/tamir/workspaces/ros2_closed_loop_ws/src/delta_arms_description/install/delta_arms_description/share/delta_arms_description/meshes/volcaniarm/rl_caster_wheel_mount_link.STL
-- Up-to-date: /home/tamir/workspaces/ros2_closed_loop_ws/src/delta_arms_description/install/delta_arms_description/share/delta_arms_description/meshes/volcaniarm/camera_mount_linear_link.STL
-- Up-to-date: /home/tamir/workspaces/ros2_closed_loop_ws/src/delta_arms_description/install/delta_arms_description/share/delta_arms_description/meshes/volcaniarm/fl_caster_wheel_link.STL
-- Up-to-date: /home/tamir/workspaces/ros2_closed_loop_ws/src/delta_arms_description/install/delta_arms_description/share/delta_arms_description/meshes/volcaniarm/fr_caster_wheel_mount_link.STL
-- Up-to-date: /home/tamir/workspaces/ros2_closed_loop_ws/src/delta_arms_description/install/delta_arms_description/share/delta_arms_description/meshes/volcaniarm/camera_mount_rev_link.STL
-- Up-to-date: /home/tamir/workspaces/ros2_closed_loop_ws/src/delta_arms_description/install/delta_arms_description/share/delta_arms_description/meshes/PARA_ENGINEER
-- Up-to-date: /home/tamir/workspaces/ros2_closed_loop_ws/src/delta_arms_description/install/delta_arms_description/share/delta_arms_description/meshes/PARA_ENGINEER/Oberarm.stl
-- Up-to-date: /home/tamir/workspaces/ros2_closed_loop_ws/src/delta_arms_description/install/delta_arms_description/share/delta_arms_description/meshes/PARA_ENGINEER/Unterarm.stl
-- Up-to-date: /home/tamir/workspaces/ros2_closed_loop_ws/src/delta_arms_description/install/delta_arms_description/share/delta_arms_description/meshes/PARA_ENGINEER/Werkzeugtraeger.stl
-- Up-to-date: /home/tamir/workspaces/ros2_closed_loop_ws/src/delta_arms_description/install/delta_arms_description/share/delta_arms_description/meshes/PARA_ENGINEER/Kopfplatte.stl
-- Up-to-date: /home/tamir/workspaces/ros2_closed_loop_ws/src/delta_arms_description/install/delta_arms_description/share/delta_arms_description/meshes/A_00036
-- Up-to-date: /home/tamir/workspaces/ros2_closed_loop_ws/src/delta_arms_description/install/delta_arms_description/share/delta_arms_description/meshes/A_00036/Unterarmverbinder.stl
-- Up-to-date: /home/tamir/workspaces/ros2_closed_loop_ws/src/delta_arms_description/install/delta_arms_description/share/delta_arms_description/meshes/A_00036/Oberarm.stl
-- Up-to-date: /home/tamir/workspaces/ros2_closed_loop_ws/src/delta_arms_description/install/delta_arms_description/share/delta_arms_description/meshes/A_00036/Teleskopwelle_oben.stl
-- Up-to-date: /home/tamir/workspaces/ros2_closed_loop_ws/src/delta_arms_description/install/delta_arms_description/share/delta_arms_description/meshes/A_00036/Flansch.stl
-- Up-to-date: /home/tamir/workspaces/ros2_closed_loop_ws/src/delta_arms_description/install/delta_arms_description/share/delta_arms_description/meshes/A_00036/Teleskopwelle_unten.stl
-- Up-to-date: /home/tamir/workspaces/ros2_closed_loop_ws/src/delta_arms_description/install/delta_arms_description/share/delta_arms_description/meshes/A_00036/Unterarm.stl
-- Up-to-date: /home/tamir/workspaces/ros2_closed_loop_ws/src/delta_arms_description/install/delta_arms_description/share/delta_arms_description/meshes/A_00036/Werkzeugtraeger.stl
-- Up-to-date: /home/tamir/workspaces/ros2_closed_loop_ws/src/delta_arms_description/install/delta_arms_description/share/delta_arms_description/meshes/A_00036/Kopfplatte.stl
-- Up-to-date: /home/tamir/workspaces/ros2_closed_loop_ws/src/delta_arms_description/install/delta_arms_description/share/delta_arms_description/urdf
-- Installing: /home/tamir/workspaces/ros2_closed_loop_ws/src/delta_arms_description/install/delta_arms_description/share/delta_arms_description/urdf/delta_3dof.urdf
-- Up-to-date: /home/tamir/workspaces/ros2_closed_loop_ws/src/delta_arms_description/install/delta_arms_description/share/delta_arms_description/urdf/volcaniarm.urdf
-- Up-to-date: /home/tamir/workspaces/ros2_closed_loop_ws/src/delta_arms_description/install/delta_arms_description/share/delta_arms_description/worlds
-- Up-to-date: /home/tamir/workspaces/ros2_closed_loop_ws/src/delta_arms_description/install/delta_arms_description/share/delta_arms_description/worlds/delta_world.sdf
-- Up-to-date: /home/tamir/workspaces/ros2_closed_loop_ws/src/delta_arms_description/install/delta_arms_description/share/delta_arms_description/worlds/volcaniarm_world.sdf
-- Up-to-date: /home/tamir/workspaces/ros2_closed_loop_ws/src/delta_arms_description/install/delta_arms_description/share/ament_index/resource_index/package_run_dependencies/delta_arms_description
-- Up-to-date: /home/tamir/workspaces/ros2_closed_loop_ws/src/delta_arms_description/install/delta_arms_description/share/ament_index/resource_index/parent_prefix_path/delta_arms_description
-- Up-to-date: /home/tamir/workspaces/ros2_closed_loop_ws/src/delta_arms_description/install/delta_arms_description/share/delta_arms_description/environment/ament_prefix_path.sh
-- Up-to-date: /home/tamir/workspaces/ros2_closed_loop_ws/src/delta_arms_description/install/delta_arms_description/share/delta_arms_description/environment/ament_prefix_path.dsv
-- Up-to-date: /home/tamir/workspaces/ros2_closed_loop_ws/src/delta_arms_description/install/delta_arms_description/share/delta_arms_description/environment/path.sh
-- Up-to-date: /home/tamir/workspaces/ros2_closed_loop_ws/src/delta_arms_description/install/delta_arms_description/share/delta_arms_description/environment/path.dsv
-- Up-to-date: /home/tamir/workspaces/ros2_closed_loop_ws/src/delta_arms_description/install/delta_arms_description/share/delta_arms_description/local_setup.bash
-- Up-to-date: /home/tamir/workspaces/ros2_closed_loop_ws/src/delta_arms_description/install/delta_arms_description/share/delta_arms_description/local_setup.sh
-- Up-to-date: /home/tamir/workspaces/ros2_closed_loop_ws/src/delta_arms_description/install/delta_arms_description/share/delta_arms_description/local_setup.zsh
-- Up-to-date: /home/tamir/workspaces/ros2_closed_loop_ws/src/delta_arms_description/install/delta_arms_description/share/delta_arms_description/local_setup.dsv
-- Up-to-date: /home/tamir/workspaces/ros2_closed_loop_ws/src/delta_arms_description/install/delta_arms_description/share/delta_arms_description/package.dsv
-- Up-to-date: /home/tamir/workspaces/ros2_closed_loop_ws/src/delta_arms_description/install/delta_arms_description/share/ament_index/resource_index/packages/delta_arms_description
-- Up-to-date: /home/tamir/workspaces/ros2_closed_loop_ws/src/delta_arms_description/install/delta_arms_description/share/delta_arms_description/cmake/delta_arms_descriptionConfig.cmake
-- Up-to-date: /home/tamir/workspaces/ros2_closed_loop_ws/src/delta_arms_description/install/delta_arms_description/share/delta_arms_description/cmake/delta_arms_descriptionConfig-version.cmake
-- Up-to-date: /home/tamir/workspaces/ros2_closed_loop_ws/src/delta_arms_description/install/delta_arms_description/share/delta_arms_description/package.xml
