[0.007s] Invoking command in '/home/tamir/workspaces/ros2_closed_loop_ws/src/delta_arms_description/build/delta_arms_description': CMAKE_PREFIX_PATH=${CMAKE_PREFIX_PATH}:/opt/ros/jazzy DEBUGINFOD_URLS=https://debuginfod.ubuntu.com /usr/bin/cmake --build /home/tamir/workspaces/ros2_closed_loop_ws/src/delta_arms_description/build/delta_arms_description -- -j24 -l24
[0.035s] Invoked command in '/home/tamir/workspaces/ros2_closed_loop_ws/src/delta_arms_description/build/delta_arms_description' returned '0': CMAKE_PREFIX_PATH=${CMAKE_PREFIX_PATH}:/opt/ros/jazzy DEBUGINFOD_URLS=https://debuginfod.ubuntu.com /usr/bin/cmake --build /home/tamir/workspaces/ros2_closed_loop_ws/src/delta_arms_description/build/delta_arms_description -- -j24 -l24
[0.042s] Invoking command in '/home/tamir/workspaces/ros2_closed_loop_ws/src/delta_arms_description/build/delta_arms_description': CMAKE_PREFIX_PATH=${CMAKE_PREFIX_PATH}:/opt/ros/jazzy DEBUGINFOD_URLS=https://debuginfod.ubuntu.com /usr/bin/cmake --install /home/tamir/workspaces/ros2_closed_loop_ws/src/delta_arms_description/build/delta_arms_description
[0.049s] -- Install configuration: ""
[0.049s] -- Up-to-date: /home/tamir/workspaces/ros2_closed_loop_ws/src/delta_arms_description/install/delta_arms_description/share/delta_arms_description/launch
[0.049s] -- Up-to-date: /home/tamir/workspaces/ros2_closed_loop_ws/src/delta_arms_description/install/delta_arms_description/share/delta_arms_description/launch/launch_delta_3dof.launch.py
[0.050s] -- Up-to-date: /home/tamir/workspaces/ros2_closed_loop_ws/src/delta_arms_description/install/delta_arms_description/share/delta_arms_description/launch/launch_volcaniarm.launch.py
[0.050s] -- Up-to-date: /home/tamir/workspaces/ros2_closed_loop_ws/src/delta_arms_description/install/delta_arms_description/share/delta_arms_description/meshes
[0.050s] -- Up-to-date: /home/tamir/workspaces/ros2_closed_loop_ws/src/delta_arms_description/install/delta_arms_description/share/delta_arms_description/meshes/volcaniarm
[0.050s] -- Up-to-date: /home/tamir/workspaces/ros2_closed_loop_ws/src/delta_arms_description/install/delta_arms_description/share/delta_arms_description/meshes/volcaniarm/fl_table_leg_link.STL
[0.050s] -- Up-to-date: /home/tamir/workspaces/ros2_closed_loop_ws/src/delta_arms_description/install/delta_arms_description/share/delta_arms_description/meshes/volcaniarm/rl_table_leg_link.STL
[0.050s] -- Up-to-date: /home/tamir/workspaces/ros2_closed_loop_ws/src/delta_arms_description/install/delta_arms_description/share/delta_arms_description/meshes/volcaniarm/rl_caster_wheel_link.STL
[0.050s] -- Up-to-date: /home/tamir/workspaces/ros2_closed_loop_ws/src/delta_arms_description/install/delta_arms_description/share/delta_arms_description/meshes/volcaniarm/fl_caster_wheel_mount_link.STL
[0.050s] -- Up-to-date: /home/tamir/workspaces/ros2_closed_loop_ws/src/delta_arms_description/install/delta_arms_description/share/delta_arms_description/meshes/volcaniarm/rr_caster_wheel_link.STL
[0.050s] -- Up-to-date: /home/tamir/workspaces/ros2_closed_loop_ws/src/delta_arms_description/install/delta_arms_description/share/delta_arms_description/meshes/volcaniarm/volcaniarm_base_link.STL
[0.050s] -- Up-to-date: /home/tamir/workspaces/ros2_closed_loop_ws/src/delta_arms_description/install/delta_arms_description/share/delta_arms_description/meshes/volcaniarm/rr_table_leg_link.STL
[0.050s] -- Up-to-date: /home/tamir/workspaces/ros2_closed_loop_ws/src/delta_arms_description/install/delta_arms_description/share/delta_arms_description/meshes/volcaniarm/fr_caster_wheel_link.STL
[0.050s] -- Up-to-date: /home/tamir/workspaces/ros2_closed_loop_ws/src/delta_arms_description/install/delta_arms_description/share/delta_arms_description/meshes/volcaniarm/rr_caster_wheel_mount_link.STL
[0.050s] -- Up-to-date: /home/tamir/workspaces/ros2_closed_loop_ws/src/delta_arms_description/install/delta_arms_description/share/delta_arms_description/meshes/volcaniarm/volcaniarm_right_elbow_link.STL
[0.051s] -- Up-to-date: /home/tamir/workspaces/ros2_closed_loop_ws/src/delta_arms_description/install/delta_arms_description/share/delta_arms_description/meshes/volcaniarm/fr_table_leg_link.STL
[0.051s] -- Up-to-date: /home/tamir/workspaces/ros2_closed_loop_ws/src/delta_arms_description/install/delta_arms_description/share/delta_arms_description/meshes/volcaniarm/base_link.STL
[0.051s] -- Up-to-date: /home/tamir/workspaces/ros2_closed_loop_ws/src/delta_arms_description/install/delta_arms_description/share/delta_arms_description/meshes/volcaniarm/camera_link.STL
[0.051s] -- Up-to-date: /home/tamir/workspaces/ros2_closed_loop_ws/src/delta_arms_description/install/delta_arms_description/share/delta_arms_description/meshes/volcaniarm/volcaniarm_right_arm_link.STL
[0.052s] -- Up-to-date: /home/tamir/workspaces/ros2_closed_loop_ws/src/delta_arms_description/install/delta_arms_description/share/delta_arms_description/meshes/volcaniarm/volcaniarm_left_arm_link.STL
[0.052s] -- Up-to-date: /home/tamir/workspaces/ros2_closed_loop_ws/src/delta_arms_description/install/delta_arms_description/share/delta_arms_description/meshes/volcaniarm/volcaniarm_left_elbow_link.STL
[0.052s] -- Up-to-date: /home/tamir/workspaces/ros2_closed_loop_ws/src/delta_arms_description/install/delta_arms_description/share/delta_arms_description/meshes/volcaniarm/rl_caster_wheel_mount_link.STL
[0.052s] -- Up-to-date: /home/tamir/workspaces/ros2_closed_loop_ws/src/delta_arms_description/install/delta_arms_description/share/delta_arms_description/meshes/volcaniarm/camera_mount_linear_link.STL
[0.052s] -- Up-to-date: /home/tamir/workspaces/ros2_closed_loop_ws/src/delta_arms_description/install/delta_arms_description/share/delta_arms_description/meshes/volcaniarm/fl_caster_wheel_link.STL
[0.052s] -- Up-to-date: /home/tamir/workspaces/ros2_closed_loop_ws/src/delta_arms_description/install/delta_arms_description/share/delta_arms_description/meshes/volcaniarm/fr_caster_wheel_mount_link.STL
[0.053s] -- Up-to-date: /home/tamir/workspaces/ros2_closed_loop_ws/src/delta_arms_description/install/delta_arms_description/share/delta_arms_description/meshes/volcaniarm/camera_mount_rev_link.STL
[0.053s] -- Up-to-date: /home/tamir/workspaces/ros2_closed_loop_ws/src/delta_arms_description/install/delta_arms_description/share/delta_arms_description/meshes/PARA_ENGINEER
[0.053s] -- Up-to-date: /home/tamir/workspaces/ros2_closed_loop_ws/src/delta_arms_description/install/delta_arms_description/share/delta_arms_description/meshes/PARA_ENGINEER/Oberarm.stl
[0.053s] -- Up-to-date: /home/tamir/workspaces/ros2_closed_loop_ws/src/delta_arms_description/install/delta_arms_description/share/delta_arms_description/meshes/PARA_ENGINEER/Unterarm.stl
[0.053s] -- Up-to-date: /home/tamir/workspaces/ros2_closed_loop_ws/src/delta_arms_description/install/delta_arms_description/share/delta_arms_description/meshes/PARA_ENGINEER/Werkzeugtraeger.stl
[0.053s] -- Up-to-date: /home/tamir/workspaces/ros2_closed_loop_ws/src/delta_arms_description/install/delta_arms_description/share/delta_arms_description/meshes/PARA_ENGINEER/Kopfplatte.stl
[0.053s] -- Up-to-date: /home/tamir/workspaces/ros2_closed_loop_ws/src/delta_arms_description/install/delta_arms_description/share/delta_arms_description/meshes/A_00036
[0.054s] -- Up-to-date: /home/tamir/workspaces/ros2_closed_loop_ws/src/delta_arms_description/install/delta_arms_description/share/delta_arms_description/meshes/A_00036/Unterarmverbinder.stl
[0.054s] -- Up-to-date: /home/tamir/workspaces/ros2_closed_loop_ws/src/delta_arms_description/install/delta_arms_description/share/delta_arms_description/meshes/A_00036/Oberarm.stl
[0.054s] -- Up-to-date: /home/tamir/workspaces/ros2_closed_loop_ws/src/delta_arms_description/install/delta_arms_description/share/delta_arms_description/meshes/A_00036/Teleskopwelle_oben.stl
[0.054s] -- Up-to-date: /home/tamir/workspaces/ros2_closed_loop_ws/src/delta_arms_description/install/delta_arms_description/share/delta_arms_description/meshes/A_00036/Flansch.stl
[0.054s] -- Up-to-date: /home/tamir/workspaces/ros2_closed_loop_ws/src/delta_arms_description/install/delta_arms_description/share/delta_arms_description/meshes/A_00036/Teleskopwelle_unten.stl
[0.054s] -- Up-to-date: /home/tamir/workspaces/ros2_closed_loop_ws/src/delta_arms_description/install/delta_arms_description/share/delta_arms_description/meshes/A_00036/Unterarm.stl
[0.054s] -- Up-to-date: /home/tamir/workspaces/ros2_closed_loop_ws/src/delta_arms_description/install/delta_arms_description/share/delta_arms_description/meshes/A_00036/Werkzeugtraeger.stl
[0.054s] -- Up-to-date: /home/tamir/workspaces/ros2_closed_loop_ws/src/delta_arms_description/install/delta_arms_description/share/delta_arms_description/meshes/A_00036/Kopfplatte.stl
[0.054s] -- Up-to-date: /home/tamir/workspaces/ros2_closed_loop_ws/src/delta_arms_description/install/delta_arms_description/share/delta_arms_description/urdf
[0.054s] -- Installing: /home/tamir/workspaces/ros2_closed_loop_ws/src/delta_arms_description/install/delta_arms_description/share/delta_arms_description/urdf/delta_3dof.urdf
[0.054s] -- Up-to-date: /home/tamir/workspaces/ros2_closed_loop_ws/src/delta_arms_description/install/delta_arms_description/share/delta_arms_description/urdf/volcaniarm.urdf
[0.054s] -- Up-to-date: /home/tamir/workspaces/ros2_closed_loop_ws/src/delta_arms_description/install/delta_arms_description/share/delta_arms_description/worlds
[0.054s] -- Up-to-date: /home/tamir/workspaces/ros2_closed_loop_ws/src/delta_arms_description/install/delta_arms_description/share/delta_arms_description/worlds/delta_world.sdf
[0.054s] -- Up-to-date: /home/tamir/workspaces/ros2_closed_loop_ws/src/delta_arms_description/install/delta_arms_description/share/delta_arms_description/worlds/volcaniarm_world.sdf
[0.054s] -- Up-to-date: /home/tamir/workspaces/ros2_closed_loop_ws/src/delta_arms_description/install/delta_arms_description/share/ament_index/resource_index/package_run_dependencies/delta_arms_description
[0.054s] -- Up-to-date: /home/tamir/workspaces/ros2_closed_loop_ws/src/delta_arms_description/install/delta_arms_description/share/ament_index/resource_index/parent_prefix_path/delta_arms_description
[0.054s] -- Up-to-date: /home/tamir/workspaces/ros2_closed_loop_ws/src/delta_arms_description/install/delta_arms_description/share/delta_arms_description/environment/ament_prefix_path.sh
[0.054s] -- Up-to-date: /home/tamir/workspaces/ros2_closed_loop_ws/src/delta_arms_description/install/delta_arms_description/share/delta_arms_description/environment/ament_prefix_path.dsv
[0.054s] -- Up-to-date: /home/tamir/workspaces/ros2_closed_loop_ws/src/delta_arms_description/install/delta_arms_description/share/delta_arms_description/environment/path.sh
[0.055s] -- Up-to-date: /home/tamir/workspaces/ros2_closed_loop_ws/src/delta_arms_description/install/delta_arms_description/share/delta_arms_description/environment/path.dsv
[0.055s] -- Up-to-date: /home/tamir/workspaces/ros2_closed_loop_ws/src/delta_arms_description/install/delta_arms_description/share/delta_arms_description/local_setup.bash
[0.055s] -- Up-to-date: /home/tamir/workspaces/ros2_closed_loop_ws/src/delta_arms_description/install/delta_arms_description/share/delta_arms_description/local_setup.sh
[0.055s] -- Up-to-date: /home/tamir/workspaces/ros2_closed_loop_ws/src/delta_arms_description/install/delta_arms_description/share/delta_arms_description/local_setup.zsh
[0.055s] -- Up-to-date: /home/tamir/workspaces/ros2_closed_loop_ws/src/delta_arms_description/install/delta_arms_description/share/delta_arms_description/local_setup.dsv
[0.055s] -- Up-to-date: /home/tamir/workspaces/ros2_closed_loop_ws/src/delta_arms_description/install/delta_arms_description/share/delta_arms_description/package.dsv
[0.055s] -- Up-to-date: /home/tamir/workspaces/ros2_closed_loop_ws/src/delta_arms_description/install/delta_arms_description/share/ament_index/resource_index/packages/delta_arms_description
[0.055s] -- Up-to-date: /home/tamir/workspaces/ros2_closed_loop_ws/src/delta_arms_description/install/delta_arms_description/share/delta_arms_description/cmake/delta_arms_descriptionConfig.cmake
[0.055s] -- Up-to-date: /home/tamir/workspaces/ros2_closed_loop_ws/src/delta_arms_description/install/delta_arms_description/share/delta_arms_description/cmake/delta_arms_descriptionConfig-version.cmake
[0.055s] -- Up-to-date: /home/tamir/workspaces/ros2_closed_loop_ws/src/delta_arms_description/install/delta_arms_description/share/delta_arms_description/package.xml
[0.055s] Invoked command in '/home/tamir/workspaces/ros2_closed_loop_ws/src/delta_arms_description/build/delta_arms_description' returned '0': CMAKE_PREFIX_PATH=${CMAKE_PREFIX_PATH}:/opt/ros/jazzy DEBUGINFOD_URLS=https://debuginfod.ubuntu.com /usr/bin/cmake --install /home/tamir/workspaces/ros2_closed_loop_ws/src/delta_arms_description/build/delta_arms_description
